This file contains any messages produced by compilers while
running configure, to aid debugging if configure makes a mistake.

It was created by tesseract configure 3.02.02, which was
generated by GNU Autoconf 2.69.  Invocation command line was

  $ ./configure 

## --------- ##
## Platform. ##
## --------- ##

hostname = moriarty
uname -m = x86_64
uname -r = 3.16.1-1-ARCH
uname -s = Linux
uname -v = #1 SMP PREEMPT Thu Aug 14 07:40:19 CEST 2014

/usr/bin/uname -p = unknown
/bin/uname -X     = unknown

/bin/arch              = unknown
/usr/bin/arch -k       = unknown
/usr/convex/getsysinfo = unknown
/usr/bin/hostinfo      = unknown
/bin/machine           = unknown
/usr/bin/oslevel       = unknown
/bin/universe          = unknown

PATH: /usr/local/sbin
PATH: /usr/local/bin
PATH: /usr/bin
PATH: /opt/android-sdk/platform-tools
PATH: /opt/android-sdk/tools
PATH: /usr/bin/site_perl
PATH: /usr/bin/core_perl
PATH: /home/brendan/.local/bin/


## ----------- ##
## Core tests. ##
## ----------- ##

configure:2707: checking build system type
configure:2721: result: x86_64-unknown-linux-gnu
configure:2741: checking host system type
configure:2754: result: x86_64-unknown-linux-gnu
configure:2823: checking --enable-graphics argument
configure:2832: result: yes
configure:2849: checking --enable-embedded argument
configure:2858: result: no
configure:2876: checking --enable-visibility argument
configure:2885: result: no
configure:2897: checking --enable-multiple-libraries argument
configure:2906: result: no
configure:2918: checking whether to use tessdata-prefix
configure:2927: result: yes
configure:2939: checking whether to enable debugging
configure:2948: result: no
configure:3062: checking for cl.exe
configure:3092: result: no
configure:3062: checking for g++
configure:3078: found /usr/bin/g++
configure:3089: result: g++
configure:3116: checking for C++ compiler version
configure:3125: g++ --version >&5
g++ (GCC) 4.9.1
Copyright (C) 2014 Free Software Foundation, Inc.
This is free software; see the source for copying conditions.  There is NO
warranty; not even for MERCHANTABILITY or FITNESS FOR A PARTICULAR PURPOSE.

configure:3136: $? = 0
configure:3125: g++ -v >&5
Using built-in specs.
COLLECT_GCC=g++
COLLECT_LTO_WRAPPER=/usr/lib/gcc/x86_64-unknown-linux-gnu/4.9.1/lto-wrapper
Target: x86_64-unknown-linux-gnu
Configured with: /build/gcc-multilib/src/gcc-4.9.1/configure --prefix=/usr --libdir=/usr/lib --libexecdir=/usr/lib --mandir=/usr/share/man --infodir=/usr/share/info --with-bugurl=https://bugs.archlinux.org/ --enable-languages=c,c++,ada,fortran,go,lto,objc,obj-c++ --enable-shared --enable-threads=posix --with-system-zlib --enable-__cxa_atexit --disable-libunwind-exceptions --enable-clocale=gnu --disable-libstdcxx-pch --disable-libssp --enable-gnu-unique-object --enable-linker-build-id --enable-cloog-backend=isl --disable-isl-version-check --disable-cloog-version-check --enable-lto --enable-plugin --enable-install-libiberty --with-linker-hash-style=gnu --enable-multilib --disable-werror --enable-checking=release
Thread model: posix
gcc version 4.9.1 (GCC) 
configure:3136: $? = 0
configure:3125: g++ -V >&5
g++: error: unrecognized command line option '-V'
g++: fatal error: no input files
compilation terminated.
configure:3136: $? = 1
configure:3125: g++ -qversion >&5
g++: error: unrecognized command line option '-qversion'
g++: fatal error: no input files
compilation terminated.
configure:3136: $? = 1
configure:3156: checking whether the C++ compiler works
configure:3178: g++    conftest.cpp  >&5
configure:3182: $? = 0
configure:3230: result: yes
configure:3233: checking for C++ compiler default output file name
configure:3235: result: a.out
configure:3241: checking for suffix of executables
configure:3248: g++ -o conftest    conftest.cpp  >&5
configure:3252: $? = 0
configure:3274: result: 
configure:3296: checking whether we are cross compiling
configure:3304: g++ -o conftest    conftest.cpp  >&5
configure:3308: $? = 0
configure:3315: ./conftest
configure:3319: $? = 0
configure:3334: result: no
configure:3339: checking for suffix of object files
configure:3361: g++ -c   conftest.cpp >&5
configure:3365: $? = 0
configure:3386: result: o
configure:3390: checking whether we are using the GNU C++ compiler
configure:3409: g++ -c   conftest.cpp >&5
configure:3409: $? = 0
configure:3418: result: yes
configure:3427: checking whether g++ accepts -g
configure:3447: g++ -c -g  conftest.cpp >&5
configure:3447: $? = 0
configure:3488: result: yes
configure:3560: checking how to print strings
configure:3587: result: printf
configure:3656: checking for gcc
configure:3672: found /usr/bin/gcc
configure:3683: result: gcc
configure:3912: checking for C compiler version
configure:3921: gcc --version >&5
gcc (GCC) 4.9.1
Copyright (C) 2014 Free Software Foundation, Inc.
This is free software; see the source for copying conditions.  There is NO
warranty; not even for MERCHANTABILITY or FITNESS FOR A PARTICULAR PURPOSE.

configure:3932: $? = 0
configure:3921: gcc -v >&5
Using built-in specs.
COLLECT_GCC=gcc
COLLECT_LTO_WRAPPER=/usr/lib/gcc/x86_64-unknown-linux-gnu/4.9.1/lto-wrapper
Target: x86_64-unknown-linux-gnu
Configured with: /build/gcc-multilib/src/gcc-4.9.1/configure --prefix=/usr --libdir=/usr/lib --libexecdir=/usr/lib --mandir=/usr/share/man --infodir=/usr/share/info --with-bugurl=https://bugs.archlinux.org/ --enable-languages=c,c++,ada,fortran,go,lto,objc,obj-c++ --enable-shared --enable-threads=posix --with-system-zlib --enable-__cxa_atexit --disable-libunwind-exceptions --enable-clocale=gnu --disable-libstdcxx-pch --disable-libssp --enable-gnu-unique-object --enable-linker-build-id --enable-cloog-backend=isl --disable-isl-version-check --disable-cloog-version-check --enable-lto --enable-plugin --enable-install-libiberty --with-linker-hash-style=gnu --enable-multilib --disable-werror --enable-checking=release
Thread model: posix
gcc version 4.9.1 (GCC) 
configure:3932: $? = 0
configure:3921: gcc -V >&5
gcc: error: unrecognized command line option '-V'
gcc: fatal error: no input files
compilation terminated.
configure:3932: $? = 1
configure:3921: gcc -qversion >&5
gcc: error: unrecognized command line option '-qversion'
gcc: fatal error: no input files
compilation terminated.
configure:3932: $? = 1
configure:3936: checking whether we are using the GNU C compiler
configure:3955: gcc -c   conftest.c >&5
configure:3955: $? = 0
configure:3964: result: yes
configure:3973: checking whether gcc accepts -g
configure:3993: gcc -c -g  conftest.c >&5
configure:3993: $? = 0
configure:4034: result: yes
configure:4051: checking for gcc option to accept ISO C89
configure:4114: gcc  -c -g -O2  conftest.c >&5
configure:4114: $? = 0
configure:4127: result: none needed
configure:4147: checking for a sed that does not truncate output
configure:4211: result: /usr/bin/sed
configure:4229: checking for grep that handles long lines and -e
configure:4287: result: /usr/bin/grep
configure:4292: checking for egrep
configure:4354: result: /usr/bin/grep -E
configure:4359: checking for fgrep
configure:4421: result: /usr/bin/grep -F
configure:4456: checking for ld used by gcc
configure:4523: result: /usr/bin/ld
configure:4530: checking if the linker (/usr/bin/ld) is GNU ld
configure:4545: result: yes
configure:4557: checking for BSD- or MS-compatible name lister (nm)
configure:4606: result: /usr/bin/nm -B
configure:4736: checking the name lister (/usr/bin/nm -B) interface
configure:4743: gcc -c -g -O2  conftest.c >&5
configure:4746: /usr/bin/nm -B "conftest.o"
configure:4749: output
0000000000000000 B some_variable
configure:4756: result: BSD nm
configure:4759: checking whether ln -s works
configure:4763: result: yes
configure:4771: checking the maximum length of command line arguments
configure:4901: result: 1572864
configure:4918: checking whether the shell understands some XSI constructs
configure:4928: result: yes
configure:4932: checking whether the shell understands "+="
configure:4938: result: yes
configure:4973: checking how to convert x86_64-unknown-linux-gnu file names to x86_64-unknown-linux-gnu format
configure:5013: result: func_convert_file_noop
configure:5020: checking how to convert x86_64-unknown-linux-gnu file names to toolchain format
configure:5040: result: func_convert_file_noop
configure:5047: checking for /usr/bin/ld option to reload object files
configure:5054: result: -r
configure:5128: checking for objdump
configure:5144: found /usr/bin/objdump
configure:5155: result: objdump
configure:5187: checking how to recognize dependent libraries
configure:5389: result: pass_all
configure:5474: checking for dlltool
configure:5504: result: no
configure:5534: checking how to associate runtime and link libraries
configure:5561: result: printf %s\n
configure:5622: checking for ar
configure:5638: found /usr/bin/ar
configure:5649: result: ar
configure:5686: checking for archiver @FILE support
configure:5703: gcc -c -g -O2  conftest.c >&5
configure:5703: $? = 0
configure:5706: ar cru libconftest.a @conftest.lst >&5
configure:5709: $? = 0
configure:5714: ar cru libconftest.a @conftest.lst >&5
ar: conftest.o: No such file or directory
configure:5717: $? = 1
configure:5729: result: @
configure:5787: checking for strip
configure:5803: found /usr/bin/strip
configure:5814: result: strip
configure:5886: checking for ranlib
configure:5902: found /usr/bin/ranlib
configure:5913: result: ranlib
configure:5990: checking for gawk
configure:6006: found /usr/bin/gawk
configure:6017: result: gawk
configure:6057: checking command to parse /usr/bin/nm -B output from gcc object
configure:6177: gcc -c -g -O2  conftest.c >&5
configure:6180: $? = 0
configure:6184: /usr/bin/nm -B conftest.o \| sed -n -e 's/^.*[ ]\([ABCDGIRSTW][ABCDGIRSTW]*\)[ ][ ]*\([_A-Za-z][_A-Za-z0-9]*\)$/\1 \2 \2/p' | sed '/ __gnu_lto/d' \> conftest.nm
configure:6187: $? = 0
configure:6253: gcc -o conftest -g -O2   conftest.c conftstm.o >&5
configure:6256: $? = 0
configure:6294: result: ok
configure:6331: checking for sysroot
configure:6361: result: no
configure:6438: gcc -c -g -O2  conftest.c >&5
configure:6441: $? = 0
configure:6617: checking for mt
configure:6647: result: no
configure:6667: checking if : is a manifest tool
configure:6673: : '-?'
configure:6681: result: no
configure:7323: checking how to run the C preprocessor
configure:7354: gcc -E  conftest.c
configure:7354: $? = 0
configure:7368: gcc -E  conftest.c
conftest.c:13:28: fatal error: ac_nonexistent.h: No such file or directory
 #include <ac_nonexistent.h>
                            ^
compilation terminated.
configure:7368: $? = 1
configure: failed program was:
| /* confdefs.h */
| #define PACKAGE_NAME "tesseract"
| #define PACKAGE_TARNAME "tesseract"
| #define PACKAGE_VERSION "3.02.02"
| #define PACKAGE_STRING "tesseract 3.02.02"
| #define PACKAGE_BUGREPORT "http://code.google.com/p/tesseract-ocr/issues/list"
| #define PACKAGE_URL ""
| #define PACKAGE_NAME "tesseract"
| #define PACKAGE_VERSION "3.02.02"
| #define PACKAGE_YEAR "2012"
| #define PACKAGE_DATE "10/23"
| /* end confdefs.h.  */
| #include <ac_nonexistent.h>
configure:7393: result: gcc -E
configure:7413: gcc -E  conftest.c
configure:7413: $? = 0
configure:7427: gcc -E  conftest.c
conftest.c:13:28: fatal error: ac_nonexistent.h: No such file or directory
 #include <ac_nonexistent.h>
                            ^
compilation terminated.
configure:7427: $? = 1
configure: failed program was:
| /* confdefs.h */
| #define PACKAGE_NAME "tesseract"
| #define PACKAGE_TARNAME "tesseract"
| #define PACKAGE_VERSION "3.02.02"
| #define PACKAGE_STRING "tesseract 3.02.02"
| #define PACKAGE_BUGREPORT "http://code.google.com/p/tesseract-ocr/issues/list"
| #define PACKAGE_URL ""
| #define PACKAGE_NAME "tesseract"
| #define PACKAGE_VERSION "3.02.02"
| #define PACKAGE_YEAR "2012"
| #define PACKAGE_DATE "10/23"
| /* end confdefs.h.  */
| #include <ac_nonexistent.h>
configure:7456: checking for ANSI C header files
configure:7476: gcc -c -g -O2  conftest.c >&5
configure:7476: $? = 0
configure:7549: gcc -o conftest -g -O2   conftest.c  >&5
configure:7549: $? = 0
configure:7549: ./conftest
configure:7549: $? = 0
configure:7560: result: yes
configure:7573: checking for sys/types.h
configure:7573: gcc -c -g -O2  conftest.c >&5
configure:7573: $? = 0
configure:7573: result: yes
configure:7573: checking for sys/stat.h
configure:7573: gcc -c -g -O2  conftest.c >&5
configure:7573: $? = 0
configure:7573: result: yes
configure:7573: checking for stdlib.h
configure:7573: gcc -c -g -O2  conftest.c >&5
configure:7573: $? = 0
configure:7573: result: yes
configure:7573: checking for string.h
configure:7573: gcc -c -g -O2  conftest.c >&5
configure:7573: $? = 0
configure:7573: result: yes
configure:7573: checking for memory.h
configure:7573: gcc -c -g -O2  conftest.c >&5
configure:7573: $? = 0
configure:7573: result: yes
configure:7573: checking for strings.h
configure:7573: gcc -c -g -O2  conftest.c >&5
configure:7573: $? = 0
configure:7573: result: yes
configure:7573: checking for inttypes.h
configure:7573: gcc -c -g -O2  conftest.c >&5
configure:7573: $? = 0
configure:7573: result: yes
configure:7573: checking for stdint.h
configure:7573: gcc -c -g -O2  conftest.c >&5
configure:7573: $? = 0
configure:7573: result: yes
configure:7573: checking for unistd.h
configure:7573: gcc -c -g -O2  conftest.c >&5
configure:7573: $? = 0
configure:7573: result: yes
configure:7587: checking for dlfcn.h
configure:7587: gcc -c -g -O2  conftest.c >&5
configure:7587: $? = 0
configure:7587: result: yes
configure:7804: checking for objdir
configure:7819: result: .libs
configure:8086: checking if gcc supports -fno-rtti -fno-exceptions
configure:8104: gcc -c -g -O2  -fno-rtti -fno-exceptions conftest.c >&5
cc1: warning: command line option '-fno-rtti' is valid for C++/ObjC++ but not for C
configure:8108: $? = 0
configure:8121: result: no
configure:8448: checking for gcc option to produce PIC
configure:8455: result: -fPIC -DPIC
configure:8463: checking if gcc PIC flag -fPIC -DPIC works
configure:8481: gcc -c -g -O2  -fPIC -DPIC -DPIC conftest.c >&5
configure:8485: $? = 0
configure:8498: result: yes
configure:8527: checking if gcc static flag -static works
configure:8555: result: yes
configure:8570: checking if gcc supports -c -o file.o
configure:8591: gcc -c -g -O2  -o out/conftest2.o conftest.c >&5
configure:8595: $? = 0
configure:8617: result: yes
configure:8625: checking if gcc supports -c -o file.o
configure:8672: result: yes
configure:8705: checking whether the gcc linker (/usr/bin/ld -m elf_x86_64) supports shared libraries
configure:9858: result: yes
configure:9895: checking whether -lc should be explicitly linked in
configure:9903: gcc -c -g -O2  conftest.c >&5
configure:9906: $? = 0
configure:9921: gcc -shared  -fPIC -DPIC conftest.o  -v -Wl,-soname -Wl,conftest -o conftest 2\>\&1 \| /usr/bin/grep  -lc  \>/dev/null 2\>\&1
configure:9924: $? = 0
configure:9938: result: no
configure:10098: checking dynamic linker characteristics
configure:10609: gcc -o conftest -g -O2   -Wl,-rpath -Wl,/foo conftest.c  >&5
configure:10609: $? = 0
configure:10831: result: GNU/Linux ld.so
configure:10938: checking how to hardcode library paths into programs
configure:10963: result: immediate
configure:11503: checking whether stripping libraries is possible
configure:11508: result: yes
configure:11543: checking if libtool supports shared libraries
configure:11545: result: yes
configure:11548: checking whether to build shared libraries
configure:11569: result: yes
configure:11572: checking whether to build static libraries
configure:11576: result: yes
configure:11599: checking how to run the C++ preprocessor
configure:11626: g++ -E  conftest.cpp
configure:11626: $? = 0
configure:11640: g++ -E  conftest.cpp
conftest.cpp:25:28: fatal error: ac_nonexistent.h: No such file or directory
 #include <ac_nonexistent.h>
                            ^
compilation terminated.
configure:11640: $? = 1
configure: failed program was:
| /* confdefs.h */
| #define PACKAGE_NAME "tesseract"
| #define PACKAGE_TARNAME "tesseract"
| #define PACKAGE_VERSION "3.02.02"
| #define PACKAGE_STRING "tesseract 3.02.02"
| #define PACKAGE_BUGREPORT "http://code.google.com/p/tesseract-ocr/issues/list"
| #define PACKAGE_URL ""
| #define PACKAGE_NAME "tesseract"
| #define PACKAGE_VERSION "3.02.02"
| #define PACKAGE_YEAR "2012"
| #define PACKAGE_DATE "10/23"
| #define STDC_HEADERS 1
| #define HAVE_SYS_TYPES_H 1
| #define HAVE_SYS_STAT_H 1
| #define HAVE_STDLIB_H 1
| #define HAVE_STRING_H 1
| #define HAVE_MEMORY_H 1
| #define HAVE_STRINGS_H 1
| #define HAVE_INTTYPES_H 1
| #define HAVE_STDINT_H 1
| #define HAVE_UNISTD_H 1
| #define HAVE_DLFCN_H 1
| #define LT_OBJDIR ".libs/"
| /* end confdefs.h.  */
| #include <ac_nonexistent.h>
configure:11665: result: g++ -E
configure:11685: g++ -E  conftest.cpp
configure:11685: $? = 0
configure:11699: g++ -E  conftest.cpp
conftest.cpp:25:28: fatal error: ac_nonexistent.h: No such file or directory
 #include <ac_nonexistent.h>
                            ^
compilation terminated.
configure:11699: $? = 1
configure: failed program was:
| /* confdefs.h */
| #define PACKAGE_NAME "tesseract"
| #define PACKAGE_TARNAME "tesseract"
| #define PACKAGE_VERSION "3.02.02"
| #define PACKAGE_STRING "tesseract 3.02.02"
| #define PACKAGE_BUGREPORT "http://code.google.com/p/tesseract-ocr/issues/list"
| #define PACKAGE_URL ""
| #define PACKAGE_NAME "tesseract"
| #define PACKAGE_VERSION "3.02.02"
| #define PACKAGE_YEAR "2012"
| #define PACKAGE_DATE "10/23"
| #define STDC_HEADERS 1
| #define HAVE_SYS_TYPES_H 1
| #define HAVE_SYS_STAT_H 1
| #define HAVE_STDLIB_H 1
| #define HAVE_STRING_H 1
| #define HAVE_MEMORY_H 1
| #define HAVE_STRINGS_H 1
| #define HAVE_INTTYPES_H 1
| #define HAVE_STDINT_H 1
| #define HAVE_UNISTD_H 1
| #define HAVE_DLFCN_H 1
| #define LT_OBJDIR ".libs/"
| /* end confdefs.h.  */
| #include <ac_nonexistent.h>
configure:11868: checking for ld used by g++
configure:11935: result: /usr/bin/ld -m elf_x86_64
configure:11942: checking if the linker (/usr/bin/ld -m elf_x86_64) is GNU ld
configure:11957: result: yes
configure:12012: checking whether the g++ linker (/usr/bin/ld -m elf_x86_64) supports shared libraries
configure:13017: result: yes
configure:13053: g++ -c -g -O2  conftest.cpp >&5
configure:13056: $? = 0
configure:13576: checking for g++ option to produce PIC
configure:13583: result: -fPIC -DPIC
configure:13591: checking if g++ PIC flag -fPIC -DPIC works
configure:13609: g++ -c -g -O2  -fPIC -DPIC -DPIC conftest.cpp >&5
configure:13613: $? = 0
configure:13626: result: yes
configure:13649: checking if g++ static flag -static works
configure:13677: result: yes
configure:13689: checking if g++ supports -c -o file.o
configure:13710: g++ -c -g -O2  -o out/conftest2.o conftest.cpp >&5
configure:13714: $? = 0
configure:13736: result: yes
configure:13741: checking if g++ supports -c -o file.o
configure:13788: result: yes
configure:13818: checking whether the g++ linker (/usr/bin/ld -m elf_x86_64) supports shared libraries
configure:13854: result: yes
configure:13995: checking dynamic linker characteristics
configure:14662: result: GNU/Linux ld.so
configure:14715: checking how to hardcode library paths into programs
configure:14740: result: immediate
configure:14826: checking for a BSD-compatible install
configure:14894: result: /usr/bin/install -c
configure:14905: checking whether build environment is sane
configure:14960: result: yes
configure:15111: checking for a thread-safe mkdir -p
configure:15150: result: /usr/bin/mkdir -p
configure:15153: checking whether make sets $(MAKE)
configure:15175: result: yes
configure:15205: checking for style of include used by make
configure:15233: result: GNU
configure:15320: checking dependency style of gcc
configure:15431: result: gcc3
configure:15448: checking dependency style of g++
configure:15559: result: gcc3
configure:15579: checking whether to enable maintainer-specific portions of Makefiles
configure:15588: result: no
configure:15617: checking whether byte ordering is bigendian
configure:15632: gcc -c -g -O2  conftest.c >&5
conftest.c:28:9: error: unknown type name 'not'
         not a universal capable compiler
         ^
conftest.c:28:15: error: expected '=', ',', ';', 'asm' or '__attribute__' before 'universal'
         not a universal capable compiler
               ^
conftest.c:28:15: error: unknown type name 'universal'
configure:15632: $? = 1
configure: failed program was:
| /* confdefs.h */
| #define PACKAGE_NAME "tesseract"
| #define PACKAGE_TARNAME "tesseract"
| #define PACKAGE_VERSION "3.02.02"
| #define PACKAGE_STRING "tesseract 3.02.02"
| #define PACKAGE_BUGREPORT "http://code.google.com/p/tesseract-ocr/issues/list"
| #define PACKAGE_URL ""
| #define PACKAGE_NAME "tesseract"
| #define PACKAGE_VERSION "3.02.02"
| #define PACKAGE_YEAR "2012"
| #define PACKAGE_DATE "10/23"
| #define STDC_HEADERS 1
| #define HAVE_SYS_TYPES_H 1
| #define HAVE_SYS_STAT_H 1
| #define HAVE_STDLIB_H 1
| #define HAVE_STRING_H 1
| #define HAVE_MEMORY_H 1
| #define HAVE_STRINGS_H 1
| #define HAVE_INTTYPES_H 1
| #define HAVE_STDINT_H 1
| #define HAVE_UNISTD_H 1
| #define HAVE_DLFCN_H 1
| #define LT_OBJDIR ".libs/"
| #define PACKAGE "tesseract"
| #define VERSION "3.02.02"
| /* end confdefs.h.  */
| #ifndef __APPLE_CC__
| 	       not a universal capable compiler
| 	     #endif
| 	     typedef int dummy;
| 
configure:15677: gcc -c -g -O2  conftest.c >&5
configure:15677: $? = 0
configure:15695: gcc -c -g -O2  conftest.c >&5
conftest.c: In function 'main':
conftest.c:34:4: error: unknown type name 'not'
    not big endian
    ^
conftest.c:34:12: error: expected '=', ',', ';', 'asm' or '__attribute__' before 'endian'
    not big endian
            ^
configure:15695: $? = 1
configure: failed program was:
| /* confdefs.h */
| #define PACKAGE_NAME "tesseract"
| #define PACKAGE_TARNAME "tesseract"
| #define PACKAGE_VERSION "3.02.02"
| #define PACKAGE_STRING "tesseract 3.02.02"
| #define PACKAGE_BUGREPORT "http://code.google.com/p/tesseract-ocr/issues/list"
| #define PACKAGE_URL ""
| #define PACKAGE_NAME "tesseract"
| #define PACKAGE_VERSION "3.02.02"
| #define PACKAGE_YEAR "2012"
| #define PACKAGE_DATE "10/23"
| #define STDC_HEADERS 1
| #define HAVE_SYS_TYPES_H 1
| #define HAVE_SYS_STAT_H 1
| #define HAVE_STDLIB_H 1
| #define HAVE_STRING_H 1
| #define HAVE_MEMORY_H 1
| #define HAVE_STRINGS_H 1
| #define HAVE_INTTYPES_H 1
| #define HAVE_STDINT_H 1
| #define HAVE_UNISTD_H 1
| #define HAVE_DLFCN_H 1
| #define LT_OBJDIR ".libs/"
| #define PACKAGE "tesseract"
| #define VERSION "3.02.02"
| /* end confdefs.h.  */
| #include <sys/types.h>
| 		#include <sys/param.h>
| 
| int
| main ()
| {
| #if BYTE_ORDER != BIG_ENDIAN
| 		 not big endian
| 		#endif
| 
|   ;
|   return 0;
| }
configure:15823: result: no
configure:15954: checking for library containing sem_init
configure:15985: g++ -o conftest -g -O2   conftest.cpp  >&5
/tmp/ccO0UkBW.o: In function `main':
/home/brendan/dev/mhacksF2014/tesseract-ocr/conftest.cpp:38: undefined reference to `sem_init'
collect2: error: ld returned 1 exit status
configure:15985: $? = 1
configure: failed program was:
| /* confdefs.h */
| #define PACKAGE_NAME "tesseract"
| #define PACKAGE_TARNAME "tesseract"
| #define PACKAGE_VERSION "3.02.02"
| #define PACKAGE_STRING "tesseract 3.02.02"
| #define PACKAGE_BUGREPORT "http://code.google.com/p/tesseract-ocr/issues/list"
| #define PACKAGE_URL ""
| #define PACKAGE_NAME "tesseract"
| #define PACKAGE_VERSION "3.02.02"
| #define PACKAGE_YEAR "2012"
| #define PACKAGE_DATE "10/23"
| #define STDC_HEADERS 1
| #define HAVE_SYS_TYPES_H 1
| #define HAVE_SYS_STAT_H 1
| #define HAVE_STDLIB_H 1
| #define HAVE_STRING_H 1
| #define HAVE_MEMORY_H 1
| #define HAVE_STRINGS_H 1
| #define HAVE_INTTYPES_H 1
| #define HAVE_STDINT_H 1
| #define HAVE_UNISTD_H 1
| #define HAVE_DLFCN_H 1
| #define LT_OBJDIR ".libs/"
| #define PACKAGE "tesseract"
| #define VERSION "3.02.02"
| /* end confdefs.h.  */
| 
| /* Override any GCC internal prototype to avoid an error.
|    Use char because int might match the return type of a GCC
|    builtin and then its argument prototype would still apply.  */
| #ifdef __cplusplus
| extern "C"
| #endif
| char sem_init ();
| int
| main ()
| {
| return sem_init ();
|   ;
|   return 0;
| }
configure:15985: g++ -o conftest -g -O2   conftest.cpp -lpthread   >&5
configure:15985: $? = 0
configure:16002: result: -lpthread
configure:16017: checking for ANSI C header files
configure:16121: result: yes
configure:16129: checking whether time.h and sys/time.h may both be included
configure:16149: g++ -c -g -O2  conftest.cpp >&5
configure:16149: $? = 0
configure:16156: result: yes
configure:16164: checking for sys/wait.h that is POSIX.1 compatible
configure:16190: g++ -c -g -O2  conftest.cpp >&5
configure:16190: $? = 0
configure:16197: result: yes
configure:16208: checking sys/ipc.h usability
configure:16208: g++ -c -g -O2  conftest.cpp >&5
configure:16208: $? = 0
configure:16208: result: yes
configure:16208: checking sys/ipc.h presence
configure:16208: g++ -E  conftest.cpp
configure:16208: $? = 0
configure:16208: result: yes
configure:16208: checking for sys/ipc.h
configure:16208: result: yes
configure:16208: checking sys/shm.h usability
configure:16208: g++ -c -g -O2  conftest.cpp >&5
configure:16208: $? = 0
configure:16208: result: yes
configure:16208: checking sys/shm.h presence
configure:16208: g++ -E  conftest.cpp
configure:16208: $? = 0
configure:16208: result: yes
configure:16208: checking for sys/shm.h
configure:16208: result: yes
configure:16221: checking limits.h usability
configure:16221: g++ -c -g -O2  conftest.cpp >&5
configure:16221: $? = 0
configure:16221: result: yes
configure:16221: checking limits.h presence
configure:16221: g++ -E  conftest.cpp
configure:16221: $? = 0
configure:16221: result: yes
configure:16221: checking for limits.h
configure:16221: result: yes
configure:16221: checking malloc.h usability
configure:16221: g++ -c -g -O2  conftest.cpp >&5
configure:16221: $? = 0
configure:16221: result: yes
configure:16221: checking malloc.h presence
configure:16221: g++ -E  conftest.cpp
configure:16221: $? = 0
configure:16221: result: yes
configure:16221: checking for malloc.h
configure:16221: result: yes
configure:16233: checking allheaders.h usability
configure:16233: g++ -c -g -O2  conftest.cpp >&5
conftest.cpp:67:24: fatal error: allheaders.h: No such file or directory
 #include <allheaders.h>
                        ^
compilation terminated.
configure:16233: $? = 1
configure: failed program was:
| /* confdefs.h */
| #define PACKAGE_NAME "tesseract"
| #define PACKAGE_TARNAME "tesseract"
| #define PACKAGE_VERSION "3.02.02"
| #define PACKAGE_STRING "tesseract 3.02.02"
| #define PACKAGE_BUGREPORT "http://code.google.com/p/tesseract-ocr/issues/list"
| #define PACKAGE_URL ""
| #define PACKAGE_NAME "tesseract"
| #define PACKAGE_VERSION "3.02.02"
| #define PACKAGE_YEAR "2012"
| #define PACKAGE_DATE "10/23"
| #define STDC_HEADERS 1
| #define HAVE_SYS_TYPES_H 1
| #define HAVE_SYS_STAT_H 1
| #define HAVE_STDLIB_H 1
| #define HAVE_STRING_H 1
| #define HAVE_MEMORY_H 1
| #define HAVE_STRINGS_H 1
| #define HAVE_INTTYPES_H 1
| #define HAVE_STDINT_H 1
| #define HAVE_UNISTD_H 1
| #define HAVE_DLFCN_H 1
| #define LT_OBJDIR ".libs/"
| #define PACKAGE "tesseract"
| #define VERSION "3.02.02"
| #define STDC_HEADERS 1
| #define TIME_WITH_SYS_TIME 1
| #define HAVE_SYS_WAIT_H 1
| #define HAVE_SYS_IPC_H 1
| #define HAVE_SYS_SHM_H 1
| #define HAVE_LIMITS_H 1
| #define HAVE_MALLOC_H 1
| /* end confdefs.h.  */
| #include <stdio.h>
| #ifdef HAVE_SYS_TYPES_H
| # include <sys/types.h>
| #endif
| #ifdef HAVE_SYS_STAT_H
| # include <sys/stat.h>
| #endif
| #ifdef STDC_HEADERS
| # include <stdlib.h>
| # include <stddef.h>
| #else
| # ifdef HAVE_STDLIB_H
| #  include <stdlib.h>
| # endif
| #endif
| #ifdef HAVE_STRING_H
| # if !defined STDC_HEADERS && defined HAVE_MEMORY_H
| #  include <memory.h>
| # endif
| # include <string.h>
| #endif
| #ifdef HAVE_STRINGS_H
| # include <strings.h>
| #endif
| #ifdef HAVE_INTTYPES_H
| # include <inttypes.h>
| #endif
| #ifdef HAVE_STDINT_H
| # include <stdint.h>
| #endif
| #ifdef HAVE_UNISTD_H
| # include <unistd.h>
| #endif
| #include <allheaders.h>
configure:16233: result: no
configure:16233: checking allheaders.h presence
configure:16233: g++ -E  conftest.cpp
conftest.cpp:34:24: fatal error: allheaders.h: No such file or directory
 #include <allheaders.h>
                        ^
compilation terminated.
configure:16233: $? = 1
configure: failed program was:
| /* confdefs.h */
| #define PACKAGE_NAME "tesseract"
| #define PACKAGE_TARNAME "tesseract"
| #define PACKAGE_VERSION "3.02.02"
| #define PACKAGE_STRING "tesseract 3.02.02"
| #define PACKAGE_BUGREPORT "http://code.google.com/p/tesseract-ocr/issues/list"
| #define PACKAGE_URL ""
| #define PACKAGE_NAME "tesseract"
| #define PACKAGE_VERSION "3.02.02"
| #define PACKAGE_YEAR "2012"
| #define PACKAGE_DATE "10/23"
| #define STDC_HEADERS 1
| #define HAVE_SYS_TYPES_H 1
| #define HAVE_SYS_STAT_H 1
| #define HAVE_STDLIB_H 1
| #define HAVE_STRING_H 1
| #define HAVE_MEMORY_H 1
| #define HAVE_STRINGS_H 1
| #define HAVE_INTTYPES_H 1
| #define HAVE_STDINT_H 1
| #define HAVE_UNISTD_H 1
| #define HAVE_DLFCN_H 1
| #define LT_OBJDIR ".libs/"
| #define PACKAGE "tesseract"
| #define VERSION "3.02.02"
| #define STDC_HEADERS 1
| #define TIME_WITH_SYS_TIME 1
| #define HAVE_SYS_WAIT_H 1
| #define HAVE_SYS_IPC_H 1
| #define HAVE_SYS_SHM_H 1
| #define HAVE_LIMITS_H 1
| #define HAVE_MALLOC_H 1
| /* end confdefs.h.  */
| #include <allheaders.h>
configure:16233: result: no
configure:16233: checking for allheaders.h
configure:16233: result: no
configure:16244: checking for stdbool.h that conforms to C99
configure:16311: g++ -c -g -O2  conftest.cpp >&5
configure:16311: $? = 0
configure:16318: result: yes
configure:16320: checking for _Bool
configure:16320: g++ -c -g -O2  conftest.cpp >&5
conftest.cpp: In function 'int main()':
conftest.cpp:70:13: error: '_Bool' was not declared in this scope
 if (sizeof (_Bool))
             ^
configure:16320: $? = 1
configure: failed program was:
| /* confdefs.h */
| #define PACKAGE_NAME "tesseract"
| #define PACKAGE_TARNAME "tesseract"
| #define PACKAGE_VERSION "3.02.02"
| #define PACKAGE_STRING "tesseract 3.02.02"
| #define PACKAGE_BUGREPORT "http://code.google.com/p/tesseract-ocr/issues/list"
| #define PACKAGE_URL ""
| #define PACKAGE_NAME "tesseract"
| #define PACKAGE_VERSION "3.02.02"
| #define PACKAGE_YEAR "2012"
| #define PACKAGE_DATE "10/23"
| #define STDC_HEADERS 1
| #define HAVE_SYS_TYPES_H 1
| #define HAVE_SYS_STAT_H 1
| #define HAVE_STDLIB_H 1
| #define HAVE_STRING_H 1
| #define HAVE_MEMORY_H 1
| #define HAVE_STRINGS_H 1
| #define HAVE_INTTYPES_H 1
| #define HAVE_STDINT_H 1
| #define HAVE_UNISTD_H 1
| #define HAVE_DLFCN_H 1
| #define LT_OBJDIR ".libs/"
| #define PACKAGE "tesseract"
| #define VERSION "3.02.02"
| #define STDC_HEADERS 1
| #define TIME_WITH_SYS_TIME 1
| #define HAVE_SYS_WAIT_H 1
| #define HAVE_SYS_IPC_H 1
| #define HAVE_SYS_SHM_H 1
| #define HAVE_LIMITS_H 1
| #define HAVE_MALLOC_H 1
| /* end confdefs.h.  */
| #include <stdio.h>
| #ifdef HAVE_SYS_TYPES_H
| # include <sys/types.h>
| #endif
| #ifdef HAVE_SYS_STAT_H
| # include <sys/stat.h>
| #endif
| #ifdef STDC_HEADERS
| # include <stdlib.h>
| # include <stddef.h>
| #else
| # ifdef HAVE_STDLIB_H
| #  include <stdlib.h>
| # endif
| #endif
| #ifdef HAVE_STRING_H
| # if !defined STDC_HEADERS && defined HAVE_MEMORY_H
| #  include <memory.h>
| # endif
| # include <string.h>
| #endif
| #ifdef HAVE_STRINGS_H
| # include <strings.h>
| #endif
| #ifdef HAVE_INTTYPES_H
| # include <inttypes.h>
| #endif
| #ifdef HAVE_STDINT_H
| # include <stdint.h>
| #endif
| #ifdef HAVE_UNISTD_H
| # include <unistd.h>
| #endif
| int
| main ()
| {
| if (sizeof (_Bool))
| 	 return 0;
|   ;
|   return 0;
| }
configure:16320: result: no
configure:16339: checking whether #! works in shell scripts
configure:16356: result: yes
configure:16367: checking for special C compiler options needed for large files
configure:16412: result: no
configure:16418: checking for _FILE_OFFSET_BITS value needed for large files
configure:16443: g++ -c -g -O2  conftest.cpp >&5
configure:16443: $? = 0
configure:16475: result: no
configure:16566: checking for wchar_t
configure:16566: g++ -c -g -O2  conftest.cpp >&5
configure:16566: $? = 0
configure:16566: g++ -c -g -O2  conftest.cpp >&5
conftest.cpp: In function 'int main()':
conftest.cpp:71:14: error: expected primary-expression before 'wchar_t'
 if (sizeof ((wchar_t)))
              ^
conftest.cpp:71:14: error: expected ')' before 'wchar_t'
conftest.cpp:72:14: error: expected ')' before ';' token
      return 0;
              ^
conftest.cpp:72:14: error: expected ')' before ';' token
configure:16566: $? = 1
configure: failed program was:
| /* confdefs.h */
| #define PACKAGE_NAME "tesseract"
| #define PACKAGE_TARNAME "tesseract"
| #define PACKAGE_VERSION "3.02.02"
| #define PACKAGE_STRING "tesseract 3.02.02"
| #define PACKAGE_BUGREPORT "http://code.google.com/p/tesseract-ocr/issues/list"
| #define PACKAGE_URL ""
| #define PACKAGE_NAME "tesseract"
| #define PACKAGE_VERSION "3.02.02"
| #define PACKAGE_YEAR "2012"
| #define PACKAGE_DATE "10/23"
| #define STDC_HEADERS 1
| #define HAVE_SYS_TYPES_H 1
| #define HAVE_SYS_STAT_H 1
| #define HAVE_STDLIB_H 1
| #define HAVE_STRING_H 1
| #define HAVE_MEMORY_H 1
| #define HAVE_STRINGS_H 1
| #define HAVE_INTTYPES_H 1
| #define HAVE_STDINT_H 1
| #define HAVE_UNISTD_H 1
| #define HAVE_DLFCN_H 1
| #define LT_OBJDIR ".libs/"
| #define PACKAGE "tesseract"
| #define VERSION "3.02.02"
| #define STDC_HEADERS 1
| #define TIME_WITH_SYS_TIME 1
| #define HAVE_SYS_WAIT_H 1
| #define HAVE_SYS_IPC_H 1
| #define HAVE_SYS_SHM_H 1
| #define HAVE_LIMITS_H 1
| #define HAVE_MALLOC_H 1
| #define HAVE_STDBOOL_H 1
| /* end confdefs.h.  */
| #include <stdio.h>
| #ifdef HAVE_SYS_TYPES_H
| # include <sys/types.h>
| #endif
| #ifdef HAVE_SYS_STAT_H
| # include <sys/stat.h>
| #endif
| #ifdef STDC_HEADERS
| # include <stdlib.h>
| # include <stddef.h>
| #else
| # ifdef HAVE_STDLIB_H
| #  include <stdlib.h>
| # endif
| #endif
| #ifdef HAVE_STRING_H
| # if !defined STDC_HEADERS && defined HAVE_MEMORY_H
| #  include <memory.h>
| # endif
| # include <string.h>
| #endif
| #ifdef HAVE_STRINGS_H
| # include <strings.h>
| #endif
| #ifdef HAVE_INTTYPES_H
| # include <inttypes.h>
| #endif
| #ifdef HAVE_STDINT_H
| # include <stdint.h>
| #endif
| #ifdef HAVE_UNISTD_H
| # include <unistd.h>
| #endif
| int
| main ()
| {
| if (sizeof ((wchar_t)))
| 	    return 0;
|   ;
|   return 0;
| }
configure:16566: result: yes
configure:16576: checking for long long int
configure:16576: g++ -c -g -O2  conftest.cpp >&5
configure:16576: $? = 0
configure:16576: g++ -c -g -O2  conftest.cpp >&5
conftest.cpp: In function 'int main()':
conftest.cpp:72:14: error: expected primary-expression before 'long'
 if (sizeof ((long long int)))
              ^
conftest.cpp:72:14: error: expected ')' before 'long'
conftest.cpp:73:14: error: expected ')' before ';' token
      return 0;
              ^
conftest.cpp:73:14: error: expected ')' before ';' token
configure:16576: $? = 1
configure: failed program was:
| /* confdefs.h */
| #define PACKAGE_NAME "tesseract"
| #define PACKAGE_TARNAME "tesseract"
| #define PACKAGE_VERSION "3.02.02"
| #define PACKAGE_STRING "tesseract 3.02.02"
| #define PACKAGE_BUGREPORT "http://code.google.com/p/tesseract-ocr/issues/list"
| #define PACKAGE_URL ""
| #define PACKAGE_NAME "tesseract"
| #define PACKAGE_VERSION "3.02.02"
| #define PACKAGE_YEAR "2012"
| #define PACKAGE_DATE "10/23"
| #define STDC_HEADERS 1
| #define HAVE_SYS_TYPES_H 1
| #define HAVE_SYS_STAT_H 1
| #define HAVE_STDLIB_H 1
| #define HAVE_STRING_H 1
| #define HAVE_MEMORY_H 1
| #define HAVE_STRINGS_H 1
| #define HAVE_INTTYPES_H 1
| #define HAVE_STDINT_H 1
| #define HAVE_UNISTD_H 1
| #define HAVE_DLFCN_H 1
| #define LT_OBJDIR ".libs/"
| #define PACKAGE "tesseract"
| #define VERSION "3.02.02"
| #define STDC_HEADERS 1
| #define TIME_WITH_SYS_TIME 1
| #define HAVE_SYS_WAIT_H 1
| #define HAVE_SYS_IPC_H 1
| #define HAVE_SYS_SHM_H 1
| #define HAVE_LIMITS_H 1
| #define HAVE_MALLOC_H 1
| #define HAVE_STDBOOL_H 1
| #define HAVE_WCHAR_T 1
| /* end confdefs.h.  */
| #include <stdio.h>
| #ifdef HAVE_SYS_TYPES_H
| # include <sys/types.h>
| #endif
| #ifdef HAVE_SYS_STAT_H
| # include <sys/stat.h>
| #endif
| #ifdef STDC_HEADERS
| # include <stdlib.h>
| # include <stddef.h>
| #else
| # ifdef HAVE_STDLIB_H
| #  include <stdlib.h>
| # endif
| #endif
| #ifdef HAVE_STRING_H
| # if !defined STDC_HEADERS && defined HAVE_MEMORY_H
| #  include <memory.h>
| # endif
| # include <string.h>
| #endif
| #ifdef HAVE_STRINGS_H
| # include <strings.h>
| #endif
| #ifdef HAVE_INTTYPES_H
| # include <inttypes.h>
| #endif
| #ifdef HAVE_STDINT_H
| # include <stdint.h>
| #endif
| #ifdef HAVE_UNISTD_H
| # include <unistd.h>
| #endif
| int
| main ()
| {
| if (sizeof ((long long int)))
| 	    return 0;
|   ;
|   return 0;
| }
configure:16576: result: yes
configure:16586: checking for mbstate_t
configure:16586: g++ -c -g -O2  conftest.cpp >&5
configure:16586: $? = 0
configure:16586: g++ -c -g -O2  conftest.cpp >&5
conftest.cpp: In function 'int main()':
conftest.cpp:42:23: error: expected primary-expression before ')' token
 if (sizeof ((mbstate_t)))
                       ^
configure:16586: $? = 1
configure: failed program was:
| /* confdefs.h */
| #define PACKAGE_NAME "tesseract"
| #define PACKAGE_TARNAME "tesseract"
| #define PACKAGE_VERSION "3.02.02"
| #define PACKAGE_STRING "tesseract 3.02.02"
| #define PACKAGE_BUGREPORT "http://code.google.com/p/tesseract-ocr/issues/list"
| #define PACKAGE_URL ""
| #define PACKAGE_NAME "tesseract"
| #define PACKAGE_VERSION "3.02.02"
| #define PACKAGE_YEAR "2012"
| #define PACKAGE_DATE "10/23"
| #define STDC_HEADERS 1
| #define HAVE_SYS_TYPES_H 1
| #define HAVE_SYS_STAT_H 1
| #define HAVE_STDLIB_H 1
| #define HAVE_STRING_H 1
| #define HAVE_MEMORY_H 1
| #define HAVE_STRINGS_H 1
| #define HAVE_INTTYPES_H 1
| #define HAVE_STDINT_H 1
| #define HAVE_UNISTD_H 1
| #define HAVE_DLFCN_H 1
| #define LT_OBJDIR ".libs/"
| #define PACKAGE "tesseract"
| #define VERSION "3.02.02"
| #define STDC_HEADERS 1
| #define TIME_WITH_SYS_TIME 1
| #define HAVE_SYS_WAIT_H 1
| #define HAVE_SYS_IPC_H 1
| #define HAVE_SYS_SHM_H 1
| #define HAVE_LIMITS_H 1
| #define HAVE_MALLOC_H 1
| #define HAVE_STDBOOL_H 1
| #define HAVE_WCHAR_T 1
| #define HAVE_LONG_LONG_INT 1
| /* end confdefs.h.  */
| #include "wchar.h"
| 
| int
| main ()
| {
| if (sizeof ((mbstate_t)))
| 	    return 0;
|   ;
|   return 0;
| }
configure:16586: result: yes
configure:16600: checking for size_t
configure:16600: g++ -c -g -O2  conftest.cpp >&5
configure:16600: $? = 0
configure:16600: g++ -c -g -O2  conftest.cpp >&5
conftest.cpp: In function 'int main()':
conftest.cpp:74:20: error: expected primary-expression before ')' token
 if (sizeof ((size_t)))
                    ^
configure:16600: $? = 1
configure: failed program was:
| /* confdefs.h */
| #define PACKAGE_NAME "tesseract"
| #define PACKAGE_TARNAME "tesseract"
| #define PACKAGE_VERSION "3.02.02"
| #define PACKAGE_STRING "tesseract 3.02.02"
| #define PACKAGE_BUGREPORT "http://code.google.com/p/tesseract-ocr/issues/list"
| #define PACKAGE_URL ""
| #define PACKAGE_NAME "tesseract"
| #define PACKAGE_VERSION "3.02.02"
| #define PACKAGE_YEAR "2012"
| #define PACKAGE_DATE "10/23"
| #define STDC_HEADERS 1
| #define HAVE_SYS_TYPES_H 1
| #define HAVE_SYS_STAT_H 1
| #define HAVE_STDLIB_H 1
| #define HAVE_STRING_H 1
| #define HAVE_MEMORY_H 1
| #define HAVE_STRINGS_H 1
| #define HAVE_INTTYPES_H 1
| #define HAVE_STDINT_H 1
| #define HAVE_UNISTD_H 1
| #define HAVE_DLFCN_H 1
| #define LT_OBJDIR ".libs/"
| #define PACKAGE "tesseract"
| #define VERSION "3.02.02"
| #define STDC_HEADERS 1
| #define TIME_WITH_SYS_TIME 1
| #define HAVE_SYS_WAIT_H 1
| #define HAVE_SYS_IPC_H 1
| #define HAVE_SYS_SHM_H 1
| #define HAVE_LIMITS_H 1
| #define HAVE_MALLOC_H 1
| #define HAVE_STDBOOL_H 1
| #define HAVE_WCHAR_T 1
| #define HAVE_LONG_LONG_INT 1
| #define HAVE_MBSTATE_T 1
| /* end confdefs.h.  */
| #include <stdio.h>
| #ifdef HAVE_SYS_TYPES_H
| # include <sys/types.h>
| #endif
| #ifdef HAVE_SYS_STAT_H
| # include <sys/stat.h>
| #endif
| #ifdef STDC_HEADERS
| # include <stdlib.h>
| # include <stddef.h>
| #else
| # ifdef HAVE_STDLIB_H
| #  include <stdlib.h>
| # endif
| #endif
| #ifdef HAVE_STRING_H
| # if !defined STDC_HEADERS && defined HAVE_MEMORY_H
| #  include <memory.h>
| # endif
| # include <string.h>
| #endif
| #ifdef HAVE_STRINGS_H
| # include <strings.h>
| #endif
| #ifdef HAVE_INTTYPES_H
| # include <inttypes.h>
| #endif
| #ifdef HAVE_STDINT_H
| # include <stdint.h>
| #endif
| #ifdef HAVE_UNISTD_H
| # include <unistd.h>
| #endif
| int
| main ()
| {
| if (sizeof ((size_t)))
| 	    return 0;
|   ;
|   return 0;
| }
configure:16600: result: yes
configure:16624: checking for stdlib.h
configure:16624: result: yes
configure:16624: checking for unistd.h
configure:16624: result: yes
configure:16624: checking for sys/param.h
configure:16624: g++ -c -g -O2  conftest.cpp >&5
configure:16624: $? = 0
configure:16624: result: yes
configure:16644: checking for getpagesize
configure:16644: g++ -o conftest -g -O2   conftest.cpp -lpthread  >&5
configure:16644: $? = 0
configure:16644: result: yes
configure:16653: checking for working mmap
configure:16800: g++ -o conftest -g -O2   conftest.cpp -lpthread  >&5
configure:16800: $? = 0
configure:16800: ./conftest
configure:16800: $? = 0
configure:16810: result: yes
configure:16819: checking for pid_t
configure:16819: g++ -c -g -O2  conftest.cpp >&5
configure:16819: $? = 0
configure:16819: g++ -c -g -O2  conftest.cpp >&5
conftest.cpp: In function 'int main()':
conftest.cpp:79:19: error: expected primary-expression before ')' token
 if (sizeof ((pid_t)))
                   ^
configure:16819: $? = 1
configure: failed program was:
| /* confdefs.h */
| #define PACKAGE_NAME "tesseract"
| #define PACKAGE_TARNAME "tesseract"
| #define PACKAGE_VERSION "3.02.02"
| #define PACKAGE_STRING "tesseract 3.02.02"
| #define PACKAGE_BUGREPORT "http://code.google.com/p/tesseract-ocr/issues/list"
| #define PACKAGE_URL ""
| #define PACKAGE_NAME "tesseract"
| #define PACKAGE_VERSION "3.02.02"
| #define PACKAGE_YEAR "2012"
| #define PACKAGE_DATE "10/23"
| #define STDC_HEADERS 1
| #define HAVE_SYS_TYPES_H 1
| #define HAVE_SYS_STAT_H 1
| #define HAVE_STDLIB_H 1
| #define HAVE_STRING_H 1
| #define HAVE_MEMORY_H 1
| #define HAVE_STRINGS_H 1
| #define HAVE_INTTYPES_H 1
| #define HAVE_STDINT_H 1
| #define HAVE_UNISTD_H 1
| #define HAVE_DLFCN_H 1
| #define LT_OBJDIR ".libs/"
| #define PACKAGE "tesseract"
| #define VERSION "3.02.02"
| #define STDC_HEADERS 1
| #define TIME_WITH_SYS_TIME 1
| #define HAVE_SYS_WAIT_H 1
| #define HAVE_SYS_IPC_H 1
| #define HAVE_SYS_SHM_H 1
| #define HAVE_LIMITS_H 1
| #define HAVE_MALLOC_H 1
| #define HAVE_STDBOOL_H 1
| #define HAVE_WCHAR_T 1
| #define HAVE_LONG_LONG_INT 1
| #define HAVE_MBSTATE_T 1
| #define HAVE_STDLIB_H 1
| #define HAVE_UNISTD_H 1
| #define HAVE_SYS_PARAM_H 1
| #define HAVE_GETPAGESIZE 1
| #define HAVE_MMAP 1
| /* end confdefs.h.  */
| #include <stdio.h>
| #ifdef HAVE_SYS_TYPES_H
| # include <sys/types.h>
| #endif
| #ifdef HAVE_SYS_STAT_H
| # include <sys/stat.h>
| #endif
| #ifdef STDC_HEADERS
| # include <stdlib.h>
| # include <stddef.h>
| #else
| # ifdef HAVE_STDLIB_H
| #  include <stdlib.h>
| # endif
| #endif
| #ifdef HAVE_STRING_H
| # if !defined STDC_HEADERS && defined HAVE_MEMORY_H
| #  include <memory.h>
| # endif
| # include <string.h>
| #endif
| #ifdef HAVE_STRINGS_H
| # include <strings.h>
| #endif
| #ifdef HAVE_INTTYPES_H
| # include <inttypes.h>
| #endif
| #ifdef HAVE_STDINT_H
| # include <stdint.h>
| #endif
| #ifdef HAVE_UNISTD_H
| # include <unistd.h>
| #endif
| int
| main ()
| {
| if (sizeof ((pid_t)))
| 	    return 0;
|   ;
|   return 0;
| }
configure:16819: result: yes
configure:16832: checking vfork.h usability
configure:16832: g++ -c -g -O2  conftest.cpp >&5
conftest.cpp:76:19: fatal error: vfork.h: No such file or directory
 #include <vfork.h>
                   ^
compilation terminated.
configure:16832: $? = 1
configure: failed program was:
| /* confdefs.h */
| #define PACKAGE_NAME "tesseract"
| #define PACKAGE_TARNAME "tesseract"
| #define PACKAGE_VERSION "3.02.02"
| #define PACKAGE_STRING "tesseract 3.02.02"
| #define PACKAGE_BUGREPORT "http://code.google.com/p/tesseract-ocr/issues/list"
| #define PACKAGE_URL ""
| #define PACKAGE_NAME "tesseract"
| #define PACKAGE_VERSION "3.02.02"
| #define PACKAGE_YEAR "2012"
| #define PACKAGE_DATE "10/23"
| #define STDC_HEADERS 1
| #define HAVE_SYS_TYPES_H 1
| #define HAVE_SYS_STAT_H 1
| #define HAVE_STDLIB_H 1
| #define HAVE_STRING_H 1
| #define HAVE_MEMORY_H 1
| #define HAVE_STRINGS_H 1
| #define HAVE_INTTYPES_H 1
| #define HAVE_STDINT_H 1
| #define HAVE_UNISTD_H 1
| #define HAVE_DLFCN_H 1
| #define LT_OBJDIR ".libs/"
| #define PACKAGE "tesseract"
| #define VERSION "3.02.02"
| #define STDC_HEADERS 1
| #define TIME_WITH_SYS_TIME 1
| #define HAVE_SYS_WAIT_H 1
| #define HAVE_SYS_IPC_H 1
| #define HAVE_SYS_SHM_H 1
| #define HAVE_LIMITS_H 1
| #define HAVE_MALLOC_H 1
| #define HAVE_STDBOOL_H 1
| #define HAVE_WCHAR_T 1
| #define HAVE_LONG_LONG_INT 1
| #define HAVE_MBSTATE_T 1
| #define HAVE_STDLIB_H 1
| #define HAVE_UNISTD_H 1
| #define HAVE_SYS_PARAM_H 1
| #define HAVE_GETPAGESIZE 1
| #define HAVE_MMAP 1
| /* end confdefs.h.  */
| #include <stdio.h>
| #ifdef HAVE_SYS_TYPES_H
| # include <sys/types.h>
| #endif
| #ifdef HAVE_SYS_STAT_H
| # include <sys/stat.h>
| #endif
| #ifdef STDC_HEADERS
| # include <stdlib.h>
| # include <stddef.h>
| #else
| # ifdef HAVE_STDLIB_H
| #  include <stdlib.h>
| # endif
| #endif
| #ifdef HAVE_STRING_H
| # if !defined STDC_HEADERS && defined HAVE_MEMORY_H
| #  include <memory.h>
| # endif
| # include <string.h>
| #endif
| #ifdef HAVE_STRINGS_H
| # include <strings.h>
| #endif
| #ifdef HAVE_INTTYPES_H
| # include <inttypes.h>
| #endif
| #ifdef HAVE_STDINT_H
| # include <stdint.h>
| #endif
| #ifdef HAVE_UNISTD_H
| # include <unistd.h>
| #endif
| #include <vfork.h>
configure:16832: result: no
configure:16832: checking vfork.h presence
configure:16832: g++ -E  conftest.cpp
conftest.cpp:43:19: fatal error: vfork.h: No such file or directory
 #include <vfork.h>
                   ^
compilation terminated.
configure:16832: $? = 1
configure: failed program was:
| /* confdefs.h */
| #define PACKAGE_NAME "tesseract"
| #define PACKAGE_TARNAME "tesseract"
| #define PACKAGE_VERSION "3.02.02"
| #define PACKAGE_STRING "tesseract 3.02.02"
| #define PACKAGE_BUGREPORT "http://code.google.com/p/tesseract-ocr/issues/list"
| #define PACKAGE_URL ""
| #define PACKAGE_NAME "tesseract"
| #define PACKAGE_VERSION "3.02.02"
| #define PACKAGE_YEAR "2012"
| #define PACKAGE_DATE "10/23"
| #define STDC_HEADERS 1
| #define HAVE_SYS_TYPES_H 1
| #define HAVE_SYS_STAT_H 1
| #define HAVE_STDLIB_H 1
| #define HAVE_STRING_H 1
| #define HAVE_MEMORY_H 1
| #define HAVE_STRINGS_H 1
| #define HAVE_INTTYPES_H 1
| #define HAVE_STDINT_H 1
| #define HAVE_UNISTD_H 1
| #define HAVE_DLFCN_H 1
| #define LT_OBJDIR ".libs/"
| #define PACKAGE "tesseract"
| #define VERSION "3.02.02"
| #define STDC_HEADERS 1
| #define TIME_WITH_SYS_TIME 1
| #define HAVE_SYS_WAIT_H 1
| #define HAVE_SYS_IPC_H 1
| #define HAVE_SYS_SHM_H 1
| #define HAVE_LIMITS_H 1
| #define HAVE_MALLOC_H 1
| #define HAVE_STDBOOL_H 1
| #define HAVE_WCHAR_T 1
| #define HAVE_LONG_LONG_INT 1
| #define HAVE_MBSTATE_T 1
| #define HAVE_STDLIB_H 1
| #define HAVE_UNISTD_H 1
| #define HAVE_SYS_PARAM_H 1
| #define HAVE_GETPAGESIZE 1
| #define HAVE_MMAP 1
| /* end confdefs.h.  */
| #include <vfork.h>
configure:16832: result: no
configure:16832: checking for vfork.h
configure:16832: result: no
configure:16845: checking for fork
configure:16845: g++ -o conftest -g -O2   conftest.cpp -lpthread  >&5
configure:16845: $? = 0
configure:16845: result: yes
configure:16845: checking for vfork
configure:16845: g++ -o conftest -g -O2   conftest.cpp -lpthread  >&5
configure:16845: $? = 0
configure:16845: result: yes
configure:16855: checking for working fork
configure:16877: g++ -o conftest -g -O2   conftest.cpp -lpthread  >&5
configure:16877: $? = 0
configure:16877: ./conftest
configure:16877: $? = 0
configure:16887: result: yes
configure:16908: checking for working vfork
configure:17018: result: yes
configure:17046: checking for strerror
configure:17046: g++ -o conftest -g -O2   conftest.cpp -lpthread  >&5
configure:17046: $? = 0
configure:17046: result: yes
configure:17046: checking for vsnprintf
configure:17046: g++ -o conftest -g -O2   conftest.cpp -lpthread  >&5
configure:17046: $? = 0
configure:17046: result: yes
configure:17057: checking for gethostname
configure:17057: g++ -o conftest -g -O2   conftest.cpp -lpthread  >&5
configure:17057: $? = 0
configure:17057: result: yes
configure:17069: checking for strchr
configure:17069: g++ -o conftest -g -O2   conftest.cpp -lpthread  >&5
configure:17069: $? = 0
configure:17069: result: yes
configure:17069: checking for memcpy
configure:17069: g++ -o conftest -g -O2   conftest.cpp -lpthread  >&5
configure:17069: $? = 0
configure:17069: result: yes
configure:17081: checking for acos
configure:17081: g++ -o conftest -g -O2   conftest.cpp -lpthread  >&5
configure:17081: $? = 0
configure:17081: result: yes
configure:17081: checking for asin
configure:17081: g++ -o conftest -g -O2   conftest.cpp -lpthread  >&5
configure:17081: $? = 0
configure:17081: result: yes
configure:17096: checking for leptonica
configure:17115: result: yes
configure:17117: checking for pixCreate in -llept
configure:17142: g++ -o conftest -g -O2  -I/usr/include/leptonica  conftest.cpp -llept  -lpthread  >&5
configure:17142: $? = 0
configure:17151: result: yes
configure:17380: checking that generated files are newer than configure
configure:17386: result: done
configure:17422: creating ./config.status

## ---------------------- ##
## Running config.status. ##
## ---------------------- ##

This file was extended by tesseract config.status 3.02.02, which was
generated by GNU Autoconf 2.69.  Invocation command line was

  CONFIG_FILES    = 
  CONFIG_HEADERS  = 
  CONFIG_LINKS    = 
  CONFIG_COMMANDS = 
  $ ./config.status 

on moriarty

config.status:1225: creating Makefile
config.status:1225: creating tesseract.pc
config.status:1225: creating api/Makefile
config.status:1225: creating ccmain/Makefile
config.status:1225: creating ccstruct/Makefile
config.status:1225: creating ccutil/Makefile
config.status:1225: creating classify/Makefile
config.status:1225: creating cube/Makefile
config.status:1225: creating cutil/Makefile
config.status:1225: creating dict/Makefile
config.status:1225: creating image/Makefile
config.status:1225: creating neural_networks/runtime/Makefile
config.status:1225: creating textord/Makefile
config.status:1225: creating viewer/Makefile
config.status:1225: creating wordrec/Makefile
config.status:1225: creating training/Makefile
config.status:1225: creating tessdata/Makefile
config.status:1225: creating tessdata/configs/Makefile
config.status:1225: creating tessdata/tessconfigs/Makefile
config.status:1225: creating testing/Makefile
config.status:1225: creating java/Makefile
config.status:1225: creating java/com/Makefile
config.status:1225: creating java/com/google/Makefile
config.status:1225: creating java/com/google/scrollview/Makefile
config.status:1225: creating java/com/google/scrollview/events/Makefile
config.status:1225: creating java/com/google/scrollview/ui/Makefile
config.status:1225: creating doc/Makefile
config.status:1225: creating config_auto.h
config.status:1454: executing libtool commands
config.status:1454: executing depfiles commands

## ---------------- ##
## Cache variables. ##
## ---------------- ##

ac_cv_build=x86_64-unknown-linux-gnu
ac_cv_c_bigendian=no
ac_cv_c_compiler_gnu=yes
ac_cv_cxx_compiler_gnu=yes
ac_cv_env_CCC_set=
ac_cv_env_CCC_value=
ac_cv_env_CC_set=
ac_cv_env_CC_value=
ac_cv_env_CFLAGS_set=
ac_cv_env_CFLAGS_value=
ac_cv_env_CPPFLAGS_set=
ac_cv_env_CPPFLAGS_value=
ac_cv_env_CPP_set=
ac_cv_env_CPP_value=
ac_cv_env_CXXCPP_set=
ac_cv_env_CXXCPP_value=
ac_cv_env_CXXFLAGS_set=
ac_cv_env_CXXFLAGS_value=
ac_cv_env_CXX_set=
ac_cv_env_CXX_value=
ac_cv_env_LDFLAGS_set=
ac_cv_env_LDFLAGS_value=
ac_cv_env_LIBLEPT_HEADERSDIR_set=
ac_cv_env_LIBLEPT_HEADERSDIR_value=
ac_cv_env_LIBS_set=
ac_cv_env_LIBS_value=
ac_cv_env_build_alias_set=
ac_cv_env_build_alias_value=
ac_cv_env_host_alias_set=
ac_cv_env_host_alias_value=
ac_cv_env_target_alias_set=
ac_cv_env_target_alias_value=
ac_cv_func_acos=yes
ac_cv_func_asin=yes
ac_cv_func_fork=yes
ac_cv_func_fork_works=yes
ac_cv_func_gethostname=yes
ac_cv_func_getpagesize=yes
ac_cv_func_memcpy=yes
ac_cv_func_mmap_fixed_mapped=yes
ac_cv_func_strchr=yes
ac_cv_func_strerror=yes
ac_cv_func_vfork=yes
ac_cv_func_vfork_works=yes
ac_cv_func_vsnprintf=yes
ac_cv_header_allheaders_h=no
ac_cv_header_dlfcn_h=yes
ac_cv_header_inttypes_h=yes
ac_cv_header_limits_h=yes
ac_cv_header_malloc_h=yes
ac_cv_header_memory_h=yes
ac_cv_header_stdbool_h=yes
ac_cv_header_stdc=yes
ac_cv_header_stdint_h=yes
ac_cv_header_stdlib_h=yes
ac_cv_header_string_h=yes
ac_cv_header_strings_h=yes
ac_cv_header_sys_ipc_h=yes
ac_cv_header_sys_param_h=yes
ac_cv_header_sys_shm_h=yes
ac_cv_header_sys_stat_h=yes
ac_cv_header_sys_types_h=yes
ac_cv_header_sys_wait_h=yes
ac_cv_header_time=yes
ac_cv_header_unistd_h=yes
ac_cv_header_vfork_h=no
ac_cv_host=x86_64-unknown-linux-gnu
ac_cv_lib_lept_pixCreate=yes
ac_cv_objext=o
ac_cv_path_EGREP='/usr/bin/grep -E'
ac_cv_path_FGREP='/usr/bin/grep -F'
ac_cv_path_GREP=/usr/bin/grep
ac_cv_path_SED=/usr/bin/sed
ac_cv_path_install='/usr/bin/install -c'
ac_cv_path_mkdir=/usr/bin/mkdir
ac_cv_prog_AWK=gawk
ac_cv_prog_CPP='gcc -E'
ac_cv_prog_CXXCPP='g++ -E'
ac_cv_prog_ac_ct_AR=ar
ac_cv_prog_ac_ct_CC=gcc
ac_cv_prog_ac_ct_CXX=g++
ac_cv_prog_ac_ct_OBJDUMP=objdump
ac_cv_prog_ac_ct_RANLIB=ranlib
ac_cv_prog_ac_ct_STRIP=strip
ac_cv_prog_cc_c89=
ac_cv_prog_cc_g=yes
ac_cv_prog_cxx_g=yes
ac_cv_prog_make_make_set=yes
ac_cv_search_sem_init=-lpthread
ac_cv_sys_file_offset_bits=no
ac_cv_sys_interpreter=yes
ac_cv_sys_largefile_CC=no
ac_cv_type__Bool=no
ac_cv_type_long_long_int=yes
ac_cv_type_mbstate_t=yes
ac_cv_type_pid_t=yes
ac_cv_type_size_t=yes
ac_cv_type_wchar_t=yes
am_cv_CC_dependencies_compiler_type=gcc3
am_cv_CXX_dependencies_compiler_type=gcc3
lt_cv_ar_at_file=@
lt_cv_archive_cmds_need_lc=no
lt_cv_deplibs_check_method=pass_all
lt_cv_file_magic_cmd='$MAGIC_CMD'
lt_cv_file_magic_test_file=
lt_cv_ld_reload_flag=-r
lt_cv_nm_interface='BSD nm'
lt_cv_objdir=.libs
lt_cv_path_LD=/usr/bin/ld
lt_cv_path_LDCXX='/usr/bin/ld -m elf_x86_64'
lt_cv_path_NM='/usr/bin/nm -B'
lt_cv_path_mainfest_tool=no
lt_cv_prog_compiler_c_o=yes
lt_cv_prog_compiler_c_o_CXX=yes
lt_cv_prog_compiler_pic='-fPIC -DPIC'
lt_cv_prog_compiler_pic_CXX='-fPIC -DPIC'
lt_cv_prog_compiler_pic_works=yes
lt_cv_prog_compiler_pic_works_CXX=yes
lt_cv_prog_compiler_rtti_exceptions=no
lt_cv_prog_compiler_static_works=yes
lt_cv_prog_compiler_static_works_CXX=yes
lt_cv_prog_gnu_ld=yes
lt_cv_prog_gnu_ldcxx=yes
lt_cv_sharedlib_from_linklib_cmd='printf %s\n'
lt_cv_shlibpath_overrides_runpath=no
lt_cv_sys_global_symbol_pipe='sed -n -e '\''s/^.*[	 ]\([ABCDGIRSTW][ABCDGIRSTW]*\)[	 ][	 ]*\([_A-Za-z][_A-Za-z0-9]*\)$/\1 \2 \2/p'\'' | sed '\''/ __gnu_lto/d'\'''
lt_cv_sys_global_symbol_to_c_name_address='sed -n -e '\''s/^: \([^ ]*\)[ ]*$/  {\"\1\", (void *) 0},/p'\'' -e '\''s/^[ABCDGIRSTW]* \([^ ]*\) \([^ ]*\)$/  {"\2", (void *) \&\2},/p'\'''
lt_cv_sys_global_symbol_to_c_name_address_lib_prefix='sed -n -e '\''s/^: \([^ ]*\)[ ]*$/  {\"\1\", (void *) 0},/p'\'' -e '\''s/^[ABCDGIRSTW]* \([^ ]*\) \(lib[^ ]*\)$/  {"\2", (void *) \&\2},/p'\'' -e '\''s/^[ABCDGIRSTW]* \([^ ]*\) \([^ ]*\)$/  {"lib\2", (void *) \&\2},/p'\'''
lt_cv_sys_global_symbol_to_cdecl='sed -n -e '\''s/^T .* \(.*\)$/extern int \1();/p'\'' -e '\''s/^[ABCDGIRSTW]* .* \(.*\)$/extern char \1;/p'\'''
lt_cv_sys_max_cmd_len=1572864
lt_cv_to_host_file_cmd=func_convert_file_noop
lt_cv_to_tool_file_cmd=func_convert_file_noop

## ----------------- ##
## Output variables. ##
## ----------------- ##

ACLOCAL='${SHELL} /home/brendan/dev/mhacksF2014/tesseract-ocr/config/missing --run aclocal-1.12'
AMDEPBACKSLASH='\'
AMDEP_FALSE='#'
AMDEP_TRUE=''
AMTAR='$${TAR-tar}'
AM_CPPFLAGS=' -O3 -DNDEBUG'
AM_LDFLAGS=''
AR='ar'
AUTOCONF='${SHELL} /home/brendan/dev/mhacksF2014/tesseract-ocr/config/missing --run autoconf'
AUTOHEADER='${SHELL} /home/brendan/dev/mhacksF2014/tesseract-ocr/config/missing --run autoheader'
AUTOMAKE='${SHELL} /home/brendan/dev/mhacksF2014/tesseract-ocr/config/missing --run automake-1.12'
AWK='gawk'
CC='gcc'
CCDEPMODE='depmode=gcc3'
CFLAGS='-g -O2'
CPP='gcc -E'
CPPFLAGS=' -I/usr/include/leptonica'
CXX='g++'
CXXCPP='g++ -E'
CXXDEPMODE='depmode=gcc3'
CXXFLAGS='-g -O2'
CYGPATH_W='echo'
DEFS='-DHAVE_CONFIG_H'
DEPDIR='.deps'
DLLTOOL='false'
DSYMUTIL=''
DUMPBIN=''
ECHO_C=''
ECHO_N='-n'
ECHO_T=''
EGREP='/usr/bin/grep -E'
EMBEDDED_FALSE=''
EMBEDDED_TRUE='#'
EXEEXT=''
FGREP='/usr/bin/grep -F'
GENERIC_API_VERSION='3.2'
GENERIC_LIBRARY_NAME='tesseract'
GENERIC_LIBRARY_VERSION='3:2'
GENERIC_MAJOR_VERSION='3'
GENERIC_RELEASE='3.2'
GENERIC_VERSION='3.2.2'
GRAPHICS_DISABLED_FALSE=''
GRAPHICS_DISABLED_TRUE='#'
GREP='/usr/bin/grep'
INSTALL_DATA='${INSTALL} -m 644'
INSTALL_PROGRAM='${INSTALL}'
INSTALL_SCRIPT='${INSTALL}'
INSTALL_STRIP_PROGRAM='$(install_sh) -c -s'
LD='/usr/bin/ld -m elf_x86_64'
LDFLAGS=''
LIBLEPT_HEADERSDIR='/usr/local/include /usr/include'
LIBOBJS=''
LIBS='-llept -lpthread '
LIBTOOL='$(SHELL) $(top_builddir)/libtool'
LIPO=''
LN_S='ln -s'
LTLIBOBJS=''
MAINT='#'
MAINTAINER_MODE_FALSE=''
MAINTAINER_MODE_TRUE='#'
MAKEINFO='${SHELL} /home/brendan/dev/mhacksF2014/tesseract-ocr/config/missing --run makeinfo'
MANIFEST_TOOL=':'
MINGW_FALSE=''
MINGW_TRUE='#'
MKDIR_P='/usr/bin/mkdir -p'
NM='/usr/bin/nm -B'
NMEDIT=''
NO_TESSDATA_PREFIX_FALSE=''
NO_TESSDATA_PREFIX_TRUE='#'
OBJDUMP='objdump'
OBJEXT='o'
OTOOL64=''
OTOOL=''
PACKAGE='tesseract'
PACKAGE_BUGREPORT='http://code.google.com/p/tesseract-ocr/issues/list'
PACKAGE_DATE='10/23'
PACKAGE_NAME='tesseract'
PACKAGE_STRING='tesseract 3.02.02'
PACKAGE_TARNAME='tesseract'
PACKAGE_URL=''
PACKAGE_VERSION='3.02.02'
PACKAGE_YEAR='2012'
PATH_SEPARATOR=':'
RANLIB='ranlib'
SED='/usr/bin/sed'
SET_MAKE=''
SHELL='/bin/sh'
STRIP='strip'
USING_CL_FALSE=''
USING_CL_TRUE='#'
USING_MULTIPLELIBS_FALSE=''
USING_MULTIPLELIBS_TRUE='#'
VERSION='3.02.02'
VISIBILITY_FALSE=''
VISIBILITY_TRUE='#'
ac_ct_AR='ar'
ac_ct_CC='gcc'
ac_ct_CXX='g++'
ac_ct_DUMPBIN=''
am__EXEEXT_FALSE=''
am__EXEEXT_TRUE='#'
am__fastdepCC_FALSE='#'
am__fastdepCC_TRUE=''
am__fastdepCXX_FALSE='#'
am__fastdepCXX_TRUE=''
am__include='include'
am__isrc=''
am__leading_dot='.'
am__nodep='_no'
am__quote=''
am__tar='$${TAR-tar} chof - "$$tardir"'
am__untar='$${TAR-tar} xf -'
bindir='${exec_prefix}/bin'
build='x86_64-unknown-linux-gnu'
build_alias=''
build_cpu='x86_64'
build_os='linux-gnu'
build_vendor='unknown'
datadir='${datarootdir}'
datarootdir='${prefix}/share'
docdir='${datarootdir}/doc/${PACKAGE_TARNAME}'
dvidir='${docdir}'
exec_prefix='${prefix}'
host='x86_64-unknown-linux-gnu'
host_alias=''
host_cpu='x86_64'
host_os='linux-gnu'
host_vendor='unknown'
htmldir='${docdir}'
includedir='${prefix}/include/tesseract'
infodir='${datarootdir}/info'
install_sh='${SHELL} /home/brendan/dev/mhacksF2014/tesseract-ocr/config/install-sh'
libdir='${exec_prefix}/lib'
libexecdir='${exec_prefix}/libexec'
localedir='${datarootdir}/locale'
localstatedir='${prefix}/var'
mandir='${datarootdir}/man'
mkdir_p='/usr/bin/mkdir -p'
oldincludedir='/usr/include'
pdfdir='${docdir}'
prefix='/usr/local'
program_transform_name='s,x,x,'
psdir='${docdir}'
sbindir='${exec_prefix}/sbin'
sharedstatedir='${prefix}/com'
sysconfdir='${prefix}/etc'
target_alias=''

## ----------- ##
## confdefs.h. ##
## ----------- ##

/* confdefs.h */
#define PACKAGE_NAME "tesseract"
#define PACKAGE_TARNAME "tesseract"
#define PACKAGE_VERSION "3.02.02"
#define PACKAGE_STRING "tesseract 3.02.02"
#define PACKAGE_BUGREPORT "http://code.google.com/p/tesseract-ocr/issues/list"
#define PACKAGE_URL ""
#define PACKAGE_NAME "tesseract"
#define PACKAGE_VERSION "3.02.02"
#define PACKAGE_YEAR "2012"
#define PACKAGE_DATE "10/23"
#define STDC_HEADERS 1
#define HAVE_SYS_TYPES_H 1
#define HAVE_SYS_STAT_H 1
#define HAVE_STDLIB_H 1
#define HAVE_STRING_H 1
#define HAVE_MEMORY_H 1
#define HAVE_STRINGS_H 1
#define HAVE_INTTYPES_H 1
#define HAVE_STDINT_H 1
#define HAVE_UNISTD_H 1
#define HAVE_DLFCN_H 1
#define LT_OBJDIR ".libs/"
#define PACKAGE "tesseract"
#define VERSION "3.02.02"
#define STDC_HEADERS 1
#define TIME_WITH_SYS_TIME 1
#define HAVE_SYS_WAIT_H 1
#define HAVE_SYS_IPC_H 1
#define HAVE_SYS_SHM_H 1
#define HAVE_LIMITS_H 1
#define HAVE_MALLOC_H 1
#define HAVE_STDBOOL_H 1
#define HAVE_WCHAR_T 1
#define HAVE_LONG_LONG_INT 1
#define HAVE_MBSTATE_T 1
#define HAVE_STDLIB_H 1
#define HAVE_UNISTD_H 1
#define HAVE_SYS_PARAM_H 1
#define HAVE_GETPAGESIZE 1
#define HAVE_MMAP 1
#define HAVE_FORK 1
#define HAVE_VFORK 1
#define HAVE_WORKING_VFORK 1
#define HAVE_WORKING_FORK 1
#define HAVE_STRERROR 1
#define HAVE_VSNPRINTF 1
#define HAVE_GETHOSTNAME 1
#define HAVE_STRCHR 1
#define HAVE_MEMCPY 1
#define HAVE_ACOS 1
#define HAVE_ASIN 1
#define HAVE_LIBLEPT 1

configure: exit 0

## ---------------------- ##
## Running config.status. ##
## ---------------------- ##

This file was extended by tesseract config.status 3.02.02, which was
generated by GNU Autoconf 2.69.  Invocation command line was

  CONFIG_FILES    = 
  CONFIG_HEADERS  = 
  CONFIG_LINKS    = 
  CONFIG_COMMANDS = 
  $ ./config.status config_auto.h

on moriarty

config.status:1225: creating config_auto.h
config.status:1406: config_auto.h is unchanged

## ---------------------- ##
## Running config.status. ##
## ---------------------- ##

This file was extended by tesseract config.status 3.02.02, which was
generated by GNU Autoconf 2.69.  Invocation command line was

  CONFIG_FILES    = 
  CONFIG_HEADERS  = 
  CONFIG_LINKS    = 
  CONFIG_COMMANDS = 
  $ ./config.status 

on 0587359189.wireless.umich.net

config.status:1225: creating Makefile
config.status:1377: error: could not create Makefile

## ---------------------- ##
## Running config.status. ##
## ---------------------- ##

This file was extended by tesseract config.status 3.02.02, which was
generated by GNU Autoconf 2.69.  Invocation command line was

  CONFIG_FILES    = 
  CONFIG_HEADERS  = 
  CONFIG_LINKS    = 
  CONFIG_COMMANDS = 
  $ ./config.status 

on 0587359189.wireless.umich.net

config.status:1225: creating Makefile
config.status:1377: error: could not create Makefile

## ---------------------- ##
## Running config.status. ##
## ---------------------- ##

This file was extended by tesseract config.status 3.02.02, which was
generated by GNU Autoconf 2.69.  Invocation command line was

  CONFIG_FILES    = 
  CONFIG_HEADERS  = 
  CONFIG_LINKS    = 
  CONFIG_COMMANDS = 
  $ ./config.status 

on 0587359189.wireless.umich.net

config.status:1225: creating Makefile
config.status:1377: error: could not create Makefile

## ---------------------- ##
## Running config.status. ##
## ---------------------- ##

This file was extended by tesseract config.status 3.02.02, which was
generated by GNU Autoconf 2.69.  Invocation command line was

  CONFIG_FILES    = 
  CONFIG_HEADERS  = 
  CONFIG_LINKS    = 
  CONFIG_COMMANDS = 
  $ ./config.status 

on 0587359189.wireless.umich.net

config.status:1225: creating Makefile
config.status:1225: creating tesseract.pc
config.status:1225: creating api/Makefile
config.status:1225: creating ccmain/Makefile
config.status:1225: creating ccstruct/Makefile
config.status:1225: creating ccutil/Makefile
config.status:1225: creating classify/Makefile
config.status:1225: creating cube/Makefile
config.status:1225: creating cutil/Makefile
config.status:1225: creating dict/Makefile
config.status:1225: creating image/Makefile
config.status:1225: creating neural_networks/runtime/Makefile
config.status:1225: creating textord/Makefile
config.status:1225: creating viewer/Makefile
config.status:1225: creating wordrec/Makefile
config.status:1225: creating training/Makefile
config.status:1225: creating tessdata/Makefile
config.status:1225: creating tessdata/configs/Makefile
config.status:1225: creating tessdata/tessconfigs/Makefile
config.status:1225: creating testing/Makefile
config.status:1225: creating java/Makefile
config.status:1225: creating java/com/Makefile
config.status:1225: creating java/com/google/Makefile
config.status:1225: creating java/com/google/scrollview/Makefile
config.status:1225: creating java/com/google/scrollview/events/Makefile
config.status:1225: creating java/com/google/scrollview/ui/Makefile
config.status:1225: creating doc/Makefile
config.status:1225: creating config_auto.h
config.status:1406: config_auto.h is unchanged
config.status:1454: executing libtool commands
config.status:1454: executing depfiles commands
